This file contains any messages produced by compilers while
running configure, to aid debugging if configure makes a mistake.

It was created by Aleph One/SDL configure 20051119, which was
generated by GNU Autoconf 2.59.  Invocation command line was

  $ ./configure --host=arm-linux --enable-opengl=no

## --------- ##
## Platform. ##
## --------- ##

hostname = Demo_Manager
uname -m = i686
uname -r = 1.0.10(0.46/3/2)
uname -s = MINGW32_NT-5.1
uname -v = 2004-03-010 08:07

/usr/bin/uname -p = unknown
/bin/uname -X     = unknown

/bin/arch              = unknown
/usr/bin/arch -k       = unknown
/usr/convex/getsysinfo = unknown
hostinfo               = unknown
/bin/machine           = unknown
/usr/bin/oslevel       = unknown
/bin/universe          = unknown

PATH: "C
PATH: /Program Files/Microsoft DirectX SDK (December 2005)/Utilities/Bin/x86"
PATH: /c/WINDOWS/system32
PATH: /c/WINDOWS
PATH: /c/WINDOWS/System32/Wbem
PATH: /c/Program Files/Microsoft SQL Server/80/Tools/BINN
PATH: /c/Program Files/Common Files/Autodesk Shared/
PATH: /c/Program Files/backburner 2/
PATH: /c/Program Files/QuickTime/QTSystem/
PATH: /c/Program Files/Microsoft SQL Server/90/Tools/binn/
PATH: /c/devkitgp2x/bin
PATH: /usr/bin


## ----------- ##
## Core tests. ##
## ----------- ##

configure:1375: checking build system type
configure:1393: result: i686-pc-mingw32
configure:1401: checking host system type
configure:1415: result: arm-unknown-linux-gnu
configure:1423: checking target system type
configure:1437: result: arm-unknown-linux-gnu
configure:1466: checking for a BSD-compatible install
configure:1521: result: /usr/bin/install -c
configure:1532: checking whether build environment is sane
configure:1575: result: yes
configure:1640: checking for gawk
configure:1656: found /usr/bin/gawk
configure:1666: result: gawk
configure:1676: checking whether make sets $(MAKE)
configure:1696: result: yes
configure:1772: checking for arm-linux-strip
configure:1788: found /c/devkitgp2x/bin/arm-linux-strip
configure:1798: result: arm-linux-strip
configure:1883: checking for arm-linux-gcc
configure:1899: found /c/devkitgp2x/bin/arm-linux-gcc
configure:1909: result: arm-linux-gcc
configure:2191: checking for C compiler version
configure:2194: arm-linux-gcc --version </dev/null >&5
arm-linux-gcc.exe (GCC) 4.0.2
Copyright (C) 2005 Free Software Foundation, Inc.
This is free software; see the source for copying conditions.  There is NO
warranty; not even for MERCHANTABILITY or FITNESS FOR A PARTICULAR PURPOSE.

configure:2197: $? = 0
configure:2199: arm-linux-gcc -v </dev/null >&5
Using built-in specs.
Target: arm-linux
Configured with: ../../gcc-4.0.2/configure --prefix=/usr/local/devkitPro/devkitGP2X --host=i586-mingw32msvc --build=i686-pc-linux-gnu --target=arm-linux --enable-languages=c,c++ --disable-libmudflap --disable-libssp --disable-libstdcxx-pch --with-sysroot=/usr/local/devkitPro/devkitGP2X/sysroot --with-build-sysroot=/usr/local/devkitPro/devkitGP2X/sysroot --enable-shared --disable-win32-registry --enable-threads=posix --enable-symvers=gnu --enable-__cxa_atexit --disable-nls --with-float=soft --with-cpu=arm920t --enable-cxx-flags=-mcpu=arm920t --enable-symvers=gnu --enable-c99 --enable-long-long --disable-multilib --with-gnu-as --with-gnu-ld
Thread model: posix
gcc version 4.0.2
configure:2202: $? = 0
configure:2204: arm-linux-gcc -V </dev/null >&5
arm-linux-gcc.exe: '-V' option must have argument
configure:2207: $? = 1
configure:2230: checking for C compiler default output file name
configure:2233: arm-linux-gcc    conftest.c  >&5
configure:2236: $? = 0
configure:2282: result: a.out
configure:2287: checking whether the C compiler works
configure:2293: ./a.out
./a.out: ./a.out: cannot execute binary file
configure:2296: $? = 126
configure:2313: result: yes
configure:2320: checking whether we are cross compiling
configure:2322: result: yes
configure:2325: checking for suffix of executables
configure:2327: arm-linux-gcc -o conftest    conftest.c  >&5
configure:2330: $? = 0
configure:2355: result: 
configure:2361: checking for suffix of object files
configure:2382: arm-linux-gcc -c   conftest.c >&5
configure:2385: $? = 0
configure:2407: result: o
configure:2411: checking whether we are using the GNU C compiler
configure:2435: arm-linux-gcc -c   conftest.c >&5
configure:2441: $? = 0
configure:2445: test -z 
			 || test ! -s conftest.err
configure:2448: $? = 0
configure:2451: test -s conftest.o
configure:2454: $? = 0
configure:2467: result: yes
configure:2473: checking whether arm-linux-gcc accepts -g
configure:2494: arm-linux-gcc -c -g  conftest.c >&5
configure:2500: $? = 0
configure:2504: test -z 
			 || test ! -s conftest.err
configure:2507: $? = 0
configure:2510: test -s conftest.o
configure:2513: $? = 0
configure:2524: result: yes
configure:2541: checking for arm-linux-gcc option to accept ANSI C
configure:2611: arm-linux-gcc  -c -g -O2  conftest.c >&5
configure:2617: $? = 0
configure:2621: test -z 
			 || test ! -s conftest.err
configure:2624: $? = 0
configure:2627: test -s conftest.o
configure:2630: $? = 0
configure:2648: result: none needed
configure:2666: arm-linux-gcc -c -g -O2  conftest.c >&5
conftest.c:2: error: syntax error before 'me'
configure:2672: $? = 1
configure: failed program was:
| #ifndef __cplusplus
|   choke me
| #endif
configure:2816: checking for style of include used by make
configure:2844: result: GNU
configure:2872: checking dependency style of arm-linux-gcc
configure:2962: result: gcc3
configure:2984: checking how to run the C preprocessor
configure:3019: arm-linux-gcc -E  conftest.c
configure:3025: $? = 0
configure:3057: arm-linux-gcc -E  conftest.c
conftest.c:11:28: error: ac_nonexistent.h: No such file or directory
configure:3063: $? = 1
configure: failed program was:
| /* confdefs.h.  */
| 
| #define PACKAGE_NAME "Aleph One/SDL"
| #define PACKAGE_TARNAME "AlephOne"
| #define PACKAGE_VERSION "20051119"
| #define PACKAGE_STRING "Aleph One/SDL 20051119"
| #define PACKAGE_BUGREPORT "http://sourceforge.net/bugs/?group_id=1997"
| #define PACKAGE "AlephOne"
| #define VERSION "20051119"
| /* end confdefs.h.  */
| #include <ac_nonexistent.h>
configure:3102: result: arm-linux-gcc -E
configure:3126: arm-linux-gcc -E  conftest.c
configure:3132: $? = 0
configure:3164: arm-linux-gcc -E  conftest.c
conftest.c:11:28: error: ac_nonexistent.h: No such file or directory
configure:3170: $? = 1
configure: failed program was:
| /* confdefs.h.  */
| 
| #define PACKAGE_NAME "Aleph One/SDL"
| #define PACKAGE_TARNAME "AlephOne"
| #define PACKAGE_VERSION "20051119"
| #define PACKAGE_STRING "Aleph One/SDL 20051119"
| #define PACKAGE_BUGREPORT "http://sourceforge.net/bugs/?group_id=1997"
| #define PACKAGE "AlephOne"
| #define VERSION "20051119"
| /* end confdefs.h.  */
| #include <ac_nonexistent.h>
configure:3223: checking for arm-linux-g++
configure:3239: found /c/devkitgp2x/bin/arm-linux-g++
configure:3249: result: arm-linux-g++
configure:3307: checking for C++ compiler version
configure:3310: arm-linux-g++ --version </dev/null >&5
arm-linux-g++.exe (GCC) 4.0.2
Copyright (C) 2005 Free Software Foundation, Inc.
This is free software; see the source for copying conditions.  There is NO
warranty; not even for MERCHANTABILITY or FITNESS FOR A PARTICULAR PURPOSE.

configure:3313: $? = 0
configure:3315: arm-linux-g++ -v </dev/null >&5
Using built-in specs.
Target: arm-linux
Configured with: ../../gcc-4.0.2/configure --prefix=/usr/local/devkitPro/devkitGP2X --host=i586-mingw32msvc --build=i686-pc-linux-gnu --target=arm-linux --enable-languages=c,c++ --disable-libmudflap --disable-libssp --disable-libstdcxx-pch --with-sysroot=/usr/local/devkitPro/devkitGP2X/sysroot --with-build-sysroot=/usr/local/devkitPro/devkitGP2X/sysroot --enable-shared --disable-win32-registry --enable-threads=posix --enable-symvers=gnu --enable-__cxa_atexit --disable-nls --with-float=soft --with-cpu=arm920t --enable-cxx-flags=-mcpu=arm920t --enable-symvers=gnu --enable-c99 --enable-long-long --disable-multilib --with-gnu-as --with-gnu-ld
Thread model: posix
gcc version 4.0.2
configure:3318: $? = 0
configure:3320: arm-linux-g++ -V </dev/null >&5
arm-linux-g++.exe: '-V' option must have argument
configure:3323: $? = 1
configure:3326: checking whether we are using the GNU C++ compiler
configure:3350: arm-linux-g++ -c   conftest.cc >&5
configure:3356: $? = 0
configure:3360: test -z 
			 || test ! -s conftest.err
configure:3363: $? = 0
configure:3366: test -s conftest.o
configure:3369: $? = 0
configure:3382: result: yes
configure:3388: checking whether arm-linux-g++ accepts -g
configure:3409: arm-linux-g++ -c -g  conftest.cc >&5
configure:3415: $? = 0
configure:3419: test -z 
			 || test ! -s conftest.err
configure:3422: $? = 0
configure:3425: test -s conftest.o
configure:3428: $? = 0
configure:3439: result: yes
configure:3481: arm-linux-g++ -c -g -O2  conftest.cc >&5
configure:3487: $? = 0
configure:3491: test -z 
			 || test ! -s conftest.err
configure:3494: $? = 0
configure:3497: test -s conftest.o
configure:3500: $? = 0
configure:3526: arm-linux-g++ -c -g -O2  conftest.cc >&5
conftest.cc: In function 'int main()':
conftest.cc:15: error: 'exit' was not declared in this scope
configure:3532: $? = 1
configure: failed program was:
| /* confdefs.h.  */
| 
| #define PACKAGE_NAME "Aleph One/SDL"
| #define PACKAGE_TARNAME "AlephOne"
| #define PACKAGE_VERSION "20051119"
| #define PACKAGE_STRING "Aleph One/SDL 20051119"
| #define PACKAGE_BUGREPORT "http://sourceforge.net/bugs/?group_id=1997"
| #define PACKAGE "AlephOne"
| #define VERSION "20051119"
| /* end confdefs.h.  */
| 
| int
| main ()
| {
| exit (42);
|   ;
|   return 0;
| }
configure:3481: arm-linux-g++ -c -g -O2  conftest.cc >&5
configure:3487: $? = 0
configure:3491: test -z 
			 || test ! -s conftest.err
configure:3494: $? = 0
configure:3497: test -s conftest.o
configure:3500: $? = 0
configure:3526: arm-linux-g++ -c -g -O2  conftest.cc >&5
configure:3532: $? = 0
configure:3536: test -z 
			 || test ! -s conftest.err
configure:3539: $? = 0
configure:3542: test -s conftest.o
configure:3545: $? = 0
configure:3570: checking dependency style of arm-linux-g++
configure:3660: result: gcc3
configure:3682: checking how to run the C++ preprocessor
configure:3713: arm-linux-g++ -E  conftest.cc
configure:3719: $? = 0
configure:3751: arm-linux-g++ -E  conftest.cc
conftest.cc:14:28: error: ac_nonexistent.h: No such file or directory
configure:3757: $? = 1
configure: failed program was:
| /* confdefs.h.  */
| 
| #define PACKAGE_NAME "Aleph One/SDL"
| #define PACKAGE_TARNAME "AlephOne"
| #define PACKAGE_VERSION "20051119"
| #define PACKAGE_STRING "Aleph One/SDL 20051119"
| #define PACKAGE_BUGREPORT "http://sourceforge.net/bugs/?group_id=1997"
| #define PACKAGE "AlephOne"
| #define VERSION "20051119"
| #ifdef __cplusplus
| extern "C" void std::exit (int) throw (); using std::exit;
| #endif
| /* end confdefs.h.  */
| #include <ac_nonexistent.h>
configure:3796: result: arm-linux-g++ -E
configure:3820: arm-linux-g++ -E  conftest.cc
configure:3826: $? = 0
configure:3858: arm-linux-g++ -E  conftest.cc
conftest.cc:14:28: error: ac_nonexistent.h: No such file or directory
configure:3864: $? = 1
configure: failed program was:
| /* confdefs.h.  */
| 
| #define PACKAGE_NAME "Aleph One/SDL"
| #define PACKAGE_TARNAME "AlephOne"
| #define PACKAGE_VERSION "20051119"
| #define PACKAGE_STRING "Aleph One/SDL 20051119"
| #define PACKAGE_BUGREPORT "http://sourceforge.net/bugs/?group_id=1997"
| #define PACKAGE "AlephOne"
| #define VERSION "20051119"
| #ifdef __cplusplus
| extern "C" void std::exit (int) throw (); using std::exit;
| #endif
| /* end confdefs.h.  */
| #include <ac_nonexistent.h>
configure:3920: checking for a BSD-compatible install
configure:3975: result: /usr/bin/install -c
configure:3989: checking for arm-linux-ranlib
configure:4005: found /c/devkitgp2x/bin/arm-linux-ranlib
configure:4015: result: arm-linux-ranlib
configure:4156: checking for egrep
configure:4166: result: grep -E
configure:4171: checking for ANSI C header files
configure:4196: arm-linux-gcc -c -g -O2  conftest.c >&5
configure:4202: $? = 0
configure:4206: test -z 
			 || test ! -s conftest.err
configure:4209: $? = 0
configure:4212: test -s conftest.o
configure:4215: $? = 0
configure:4324: result: yes
configure:4348: checking for sys/types.h
configure:4364: arm-linux-gcc -c -g -O2  conftest.c >&5
configure:4370: $? = 0
configure:4374: test -z 
			 || test ! -s conftest.err
configure:4377: $? = 0
configure:4380: test -s conftest.o
configure:4383: $? = 0
configure:4394: result: yes
configure:4348: checking for sys/stat.h
configure:4364: arm-linux-gcc -c -g -O2  conftest.c >&5
configure:4370: $? = 0
configure:4374: test -z 
			 || test ! -s conftest.err
configure:4377: $? = 0
configure:4380: test -s conftest.o
configure:4383: $? = 0
configure:4394: result: yes
configure:4348: checking for stdlib.h
configure:4364: arm-linux-gcc -c -g -O2  conftest.c >&5
configure:4370: $? = 0
configure:4374: test -z 
			 || test ! -s conftest.err
configure:4377: $? = 0
configure:4380: test -s conftest.o
configure:4383: $? = 0
configure:4394: result: yes
configure:4348: checking for string.h
configure:4364: arm-linux-gcc -c -g -O2  conftest.c >&5
configure:4370: $? = 0
configure:4374: test -z 
			 || test ! -s conftest.err
configure:4377: $? = 0
configure:4380: test -s conftest.o
configure:4383: $? = 0
configure:4394: result: yes
configure:4348: checking for memory.h
configure:4364: arm-linux-gcc -c -g -O2  conftest.c >&5
configure:4370: $? = 0
configure:4374: test -z 
			 || test ! -s conftest.err
configure:4377: $? = 0
configure:4380: test -s conftest.o
configure:4383: $? = 0
configure:4394: result: yes
configure:4348: checking for strings.h
configure:4364: arm-linux-gcc -c -g -O2  conftest.c >&5
configure:4370: $? = 0
configure:4374: test -z 
			 || test ! -s conftest.err
configure:4377: $? = 0
configure:4380: test -s conftest.o
configure:4383: $? = 0
configure:4394: result: yes
configure:4348: checking for inttypes.h
configure:4364: arm-linux-gcc -c -g -O2  conftest.c >&5
configure:4370: $? = 0
configure:4374: test -z 
			 || test ! -s conftest.err
configure:4377: $? = 0
configure:4380: test -s conftest.o
configure:4383: $? = 0
configure:4394: result: yes
configure:4348: checking for stdint.h
configure:4364: arm-linux-gcc -c -g -O2  conftest.c >&5
configure:4370: $? = 0
configure:4374: test -z 
			 || test ! -s conftest.err
configure:4377: $? = 0
configure:4380: test -s conftest.o
configure:4383: $? = 0
configure:4394: result: yes
configure:4348: checking for unistd.h
configure:4364: arm-linux-gcc -c -g -O2  conftest.c >&5
configure:4370: $? = 0
configure:4374: test -z 
			 || test ! -s conftest.err
configure:4377: $? = 0
configure:4380: test -s conftest.o
configure:4383: $? = 0
configure:4394: result: yes
configure:4411: checking for unistd.h
configure:4416: result: yes
configure:4557: checking for snprintf
configure:4614: arm-linux-gcc -o conftest -g -O2   conftest.c  >&5
conftest.c:49: warning: conflicting types for built-in function 'snprintf'
configure:4620: $? = 0
configure:4624: test -z 
			 || test ! -s conftest.err
configure:4627: $? = 0
configure:4630: test -s conftest
configure:4633: $? = 0
configure:4645: result: yes
configure:4657: checking for vsnprintf
configure:4714: arm-linux-gcc -o conftest -g -O2   conftest.c  >&5
conftest.c:50: warning: conflicting types for built-in function 'vsnprintf'
configure:4720: $? = 0
configure:4724: test -z 
			 || test ! -s conftest.err
configure:4727: $? = 0
configure:4730: test -s conftest
configure:4733: $? = 0
configure:4745: result: yes
configure:4799: checking for sdl-config
configure:4817: found /c/devkitgp2x/bin/sdl-config
configure:4830: result: /c/devkitgp2x/bin/sdl-config
configure:4838: checking for SDL - version >= 1.2.0
configure:4961: result: yes
configure:5077: checking SDL_image.h usability
configure:5089: arm-linux-gcc -c -g -O2  -IC:/devkitGP2X/include/SDL -D_REENTRANT -IC:/devkitGP2X/include -IC:/devkitGP2X/include/SDL -D_REENTRANT -DSDL conftest.c >&5
configure:5095: $? = 0
configure:5099: test -z 
			 || test ! -s conftest.err
configure:5102: $? = 0
configure:5105: test -s conftest.o
configure:5108: $? = 0
configure:5118: result: yes
configure:5122: checking SDL_image.h presence
configure:5132: arm-linux-gcc -E  -IC:/devkitGP2X/include/SDL -D_REENTRANT -IC:/devkitGP2X/include -IC:/devkitGP2X/include/SDL -D_REENTRANT -DSDL conftest.c
configure:5138: $? = 0
configure:5158: result: yes
configure:5193: checking for SDL_image.h
configure:5200: result: yes
configure:5209: checking for IMG_Load in -lSDL_image
configure:5239: arm-linux-gcc -o conftest -g -O2  -IC:/devkitGP2X/include/SDL -D_REENTRANT -IC:/devkitGP2X/include -IC:/devkitGP2X/include/SDL -D_REENTRANT -DSDL  conftest.c -lSDL_image   -LC:/devkitGP2X/lib -Wl,-rpath,C:/devkitGP2X/lib -lSDL -lSDL_gfx --start-group -lSDL_ttf -lfreetype -lSDL --end-group -lSDL_image -ljpeg -lpng12 -lz --start-group -lSDL_mixer -lvorbisidec -lmikmod -lSDL --end-group -lgcc -lm -lc -lexpat -lpthread -ldl >&5
cc1.exe: error: unrecognized command line option "-fstart-group"
cc1.exe: error: unrecognized command line option "-fend-group"
cc1.exe: error: unrecognized command line option "-fstart-group"
cc1.exe: error: unrecognized command line option "-fend-group"
configure:5245: $? = 1
configure: failed program was:
| /* confdefs.h.  */
| 
| #define PACKAGE_NAME "Aleph One/SDL"
| #define PACKAGE_TARNAME "AlephOne"
| #define PACKAGE_VERSION "20051119"
| #define PACKAGE_STRING "Aleph One/SDL 20051119"
| #define PACKAGE_BUGREPORT "http://sourceforge.net/bugs/?group_id=1997"
| #define PACKAGE "AlephOne"
| #define VERSION "20051119"
| #ifdef __cplusplus
| extern "C" void std::exit (int) throw (); using std::exit;
| #endif
| #define STDC_HEADERS 1
| #define HAVE_SYS_TYPES_H 1
| #define HAVE_SYS_STAT_H 1
| #define HAVE_STDLIB_H 1
| #define HAVE_STRING_H 1
| #define HAVE_MEMORY_H 1
| #define HAVE_STRINGS_H 1
| #define HAVE_INTTYPES_H 1
| #define HAVE_STDINT_H 1
| #define HAVE_UNISTD_H 1
| #define HAVE_UNISTD_H 1
| #define HAVE_SNPRINTF 1
| #define HAVE_VSNPRINTF 1
| #define HAVE_SDL_IMAGE_H 1
| /* end confdefs.h.  */
| 
| /* Override any gcc2 internal prototype to avoid an error.  */
| #ifdef __cplusplus
| extern "C"
| #endif
| /* We use char because int might match the return type of a gcc2
|    builtin and then its argument prototype would still apply.  */
| char IMG_Load ();
| int
| main ()
| {
| IMG_Load ();
|   ;
|   return 0;
| }
configure:5271: result: no
configure:5304: checking SDL_net.h usability
configure:5316: arm-linux-gcc -c -g -O2  -IC:/devkitGP2X/include/SDL -D_REENTRANT -IC:/devkitGP2X/include -IC:/devkitGP2X/include/SDL -D_REENTRANT -DSDL conftest.c >&5
configure:5322: $? = 0
configure:5326: test -z 
			 || test ! -s conftest.err
configure:5329: $? = 0
configure:5332: test -s conftest.o
configure:5335: $? = 0
configure:5345: result: yes
configure:5349: checking SDL_net.h presence
configure:5359: arm-linux-gcc -E  -IC:/devkitGP2X/include/SDL -D_REENTRANT -IC:/devkitGP2X/include -IC:/devkitGP2X/include/SDL -D_REENTRANT -DSDL conftest.c
configure:5365: $? = 0
configure:5385: result: yes
configure:5420: checking for SDL_net.h
configure:5427: result: yes
configure:5436: checking for SDLNet_Init in -lSDL_net
configure:5466: arm-linux-gcc -o conftest -g -O2  -IC:/devkitGP2X/include/SDL -D_REENTRANT -IC:/devkitGP2X/include -IC:/devkitGP2X/include/SDL -D_REENTRANT -DSDL  conftest.c -lSDL_net   -LC:/devkitGP2X/lib -Wl,-rpath,C:/devkitGP2X/lib -lSDL -lSDL_gfx --start-group -lSDL_ttf -lfreetype -lSDL --end-group -lSDL_image -ljpeg -lpng12 -lz --start-group -lSDL_mixer -lvorbisidec -lmikmod -lSDL --end-group -lgcc -lm -lc -lexpat -lpthread -ldl >&5
cc1.exe: error: unrecognized command line option "-fstart-group"
cc1.exe: error: unrecognized command line option "-fend-group"
cc1.exe: error: unrecognized command line option "-fstart-group"
cc1.exe: error: unrecognized command line option "-fend-group"
configure:5472: $? = 1
configure: failed program was:
| /* confdefs.h.  */
| 
| #define PACKAGE_NAME "Aleph One/SDL"
| #define PACKAGE_TARNAME "AlephOne"
| #define PACKAGE_VERSION "20051119"
| #define PACKAGE_STRING "Aleph One/SDL 20051119"
| #define PACKAGE_BUGREPORT "http://sourceforge.net/bugs/?group_id=1997"
| #define PACKAGE "AlephOne"
| #define VERSION "20051119"
| #ifdef __cplusplus
| extern "C" void std::exit (int) throw (); using std::exit;
| #endif
| #define STDC_HEADERS 1
| #define HAVE_SYS_TYPES_H 1
| #define HAVE_SYS_STAT_H 1
| #define HAVE_STDLIB_H 1
| #define HAVE_STRING_H 1
| #define HAVE_MEMORY_H 1
| #define HAVE_STRINGS_H 1
| #define HAVE_INTTYPES_H 1
| #define HAVE_STDINT_H 1
| #define HAVE_UNISTD_H 1
| #define HAVE_UNISTD_H 1
| #define HAVE_SNPRINTF 1
| #define HAVE_VSNPRINTF 1
| #define HAVE_SDL_IMAGE_H 1
| #define HAVE_SDL_NET_H 1
| /* end confdefs.h.  */
| 
| /* Override any gcc2 internal prototype to avoid an error.  */
| #ifdef __cplusplus
| extern "C"
| #endif
| /* We use char because int might match the return type of a gcc2
|    builtin and then its argument prototype would still apply.  */
| char SDLNet_Init ();
| int
| main ()
| {
| SDLNet_Init ();
|   ;
|   return 0;
| }
configure:5498: result: yes
configure:5550: checking boost/bind.hpp usability
configure:5562: arm-linux-g++ -c -g -O2  -IC:/devkitGP2X/include/SDL -D_REENTRANT -IC:/devkitGP2X/include -IC:/devkitGP2X/include/SDL -D_REENTRANT -DSDL conftest.cc >&5
configure:5568: $? = 0
configure:5572: test -z 
			 || test ! -s conftest.err
configure:5575: $? = 0
configure:5578: test -s conftest.o
configure:5581: $? = 0
configure:5591: result: yes
configure:5595: checking boost/bind.hpp presence
configure:5605: arm-linux-g++ -E  -IC:/devkitGP2X/include/SDL -D_REENTRANT -IC:/devkitGP2X/include -IC:/devkitGP2X/include/SDL -D_REENTRANT -DSDL conftest.cc
configure:5611: $? = 0
configure:5631: result: yes
configure:5666: checking for boost/bind.hpp
configure:5673: result: yes
configure:5709: checking boost/function.hpp usability
configure:5721: arm-linux-g++ -c -g -O2  -IC:/devkitGP2X/include/SDL -D_REENTRANT -IC:/devkitGP2X/include -IC:/devkitGP2X/include/SDL -D_REENTRANT -DSDL conftest.cc >&5
configure:5727: $? = 0
configure:5731: test -z 
			 || test ! -s conftest.err
configure:5734: $? = 0
configure:5737: test -s conftest.o
configure:5740: $? = 0
configure:5750: result: yes
configure:5754: checking boost/function.hpp presence
configure:5764: arm-linux-g++ -E  -IC:/devkitGP2X/include/SDL -D_REENTRANT -IC:/devkitGP2X/include -IC:/devkitGP2X/include/SDL -D_REENTRANT -DSDL conftest.cc
configure:5770: $? = 0
configure:5790: result: yes
configure:5825: checking for boost/function.hpp
configure:5832: result: yes
configure:5866: checking SDL_sound.h usability
configure:5878: arm-linux-gcc -c -g -O2  -IC:/devkitGP2X/include/SDL -D_REENTRANT -IC:/devkitGP2X/include -IC:/devkitGP2X/include/SDL -D_REENTRANT -DSDL conftest.c >&5
conftest.c:64:23: error: SDL_sound.h: No such file or directory
configure:5884: $? = 1
configure: failed program was:
| /* confdefs.h.  */
| 
| #define PACKAGE_NAME "Aleph One/SDL"
| #define PACKAGE_TARNAME "AlephOne"
| #define PACKAGE_VERSION "20051119"
| #define PACKAGE_STRING "Aleph One/SDL 20051119"
| #define PACKAGE_BUGREPORT "http://sourceforge.net/bugs/?group_id=1997"
| #define PACKAGE "AlephOne"
| #define VERSION "20051119"
| #ifdef __cplusplus
| extern "C" void std::exit (int) throw (); using std::exit;
| #endif
| #define STDC_HEADERS 1
| #define HAVE_SYS_TYPES_H 1
| #define HAVE_SYS_STAT_H 1
| #define HAVE_STDLIB_H 1
| #define HAVE_STRING_H 1
| #define HAVE_MEMORY_H 1
| #define HAVE_STRINGS_H 1
| #define HAVE_INTTYPES_H 1
| #define HAVE_STDINT_H 1
| #define HAVE_UNISTD_H 1
| #define HAVE_UNISTD_H 1
| #define HAVE_SNPRINTF 1
| #define HAVE_VSNPRINTF 1
| #define HAVE_SDL_IMAGE_H 1
| #define HAVE_SDL_NET_H 1
| #define HAVE_SDL_NET 1
| /* end confdefs.h.  */
| #include <stdio.h>
| #if HAVE_SYS_TYPES_H
| # include <sys/types.h>
| #endif
| #if HAVE_SYS_STAT_H
| # include <sys/stat.h>
| #endif
| #if STDC_HEADERS
| # include <stdlib.h>
| # include <stddef.h>
| #else
| # if HAVE_STDLIB_H
| #  include <stdlib.h>
| # endif
| #endif
| #if HAVE_STRING_H
| # if !STDC_HEADERS && HAVE_MEMORY_H
| #  include <memory.h>
| # endif
| # include <string.h>
| #endif
| #if HAVE_STRINGS_H
| # include <strings.h>
| #endif
| #if HAVE_INTTYPES_H
| # include <inttypes.h>
| #else
| # if HAVE_STDINT_H
| #  include <stdint.h>
| # endif
| #endif
| #if HAVE_UNISTD_H
| # include <unistd.h>
| #endif
| #include <SDL_sound.h>
configure:5907: result: no
configure:5911: checking SDL_sound.h presence
configure:5921: arm-linux-gcc -E  -IC:/devkitGP2X/include/SDL -D_REENTRANT -IC:/devkitGP2X/include -IC:/devkitGP2X/include/SDL -D_REENTRANT -DSDL conftest.c
conftest.c:30:23: error: SDL_sound.h: No such file or directory
configure:5927: $? = 1
configure: failed program was:
| /* confdefs.h.  */
| 
| #define PACKAGE_NAME "Aleph One/SDL"
| #define PACKAGE_TARNAME "AlephOne"
| #define PACKAGE_VERSION "20051119"
| #define PACKAGE_STRING "Aleph One/SDL 20051119"
| #define PACKAGE_BUGREPORT "http://sourceforge.net/bugs/?group_id=1997"
| #define PACKAGE "AlephOne"
| #define VERSION "20051119"
| #ifdef __cplusplus
| extern "C" void std::exit (int) throw (); using std::exit;
| #endif
| #define STDC_HEADERS 1
| #define HAVE_SYS_TYPES_H 1
| #define HAVE_SYS_STAT_H 1
| #define HAVE_STDLIB_H 1
| #define HAVE_STRING_H 1
| #define HAVE_MEMORY_H 1
| #define HAVE_STRINGS_H 1
| #define HAVE_INTTYPES_H 1
| #define HAVE_STDINT_H 1
| #define HAVE_UNISTD_H 1
| #define HAVE_UNISTD_H 1
| #define HAVE_SNPRINTF 1
| #define HAVE_VSNPRINTF 1
| #define HAVE_SDL_IMAGE_H 1
| #define HAVE_SDL_NET_H 1
| #define HAVE_SDL_NET 1
| /* end confdefs.h.  */
| #include <SDL_sound.h>
configure:5947: result: no
configure:5982: checking for SDL_sound.h
configure:5989: result: no
configure:6093: checking lua.h usability
configure:6105: arm-linux-gcc -c -g -O2  -IC:/devkitGP2X/include/SDL -D_REENTRANT -IC:/devkitGP2X/include -IC:/devkitGP2X/include/SDL -D_REENTRANT -DSDL conftest.c >&5
configure:6111: $? = 0
configure:6115: test -z 
			 || test ! -s conftest.err
configure:6118: $? = 0
configure:6121: test -s conftest.o
configure:6124: $? = 0
configure:6134: result: yes
configure:6138: checking lua.h presence
configure:6148: arm-linux-gcc -E  -IC:/devkitGP2X/include/SDL -D_REENTRANT -IC:/devkitGP2X/include -IC:/devkitGP2X/include/SDL -D_REENTRANT -DSDL conftest.c
configure:6154: $? = 0
configure:6174: result: yes
configure:6209: checking for lua.h
configure:6216: result: yes
configure:6239: checking lualib.h usability
configure:6251: arm-linux-gcc -c -g -O2  -IC:/devkitGP2X/include/SDL -D_REENTRANT -IC:/devkitGP2X/include -IC:/devkitGP2X/include/SDL -D_REENTRANT -DSDL conftest.c >&5
configure:6257: $? = 0
configure:6261: test -z 
			 || test ! -s conftest.err
configure:6264: $? = 0
configure:6267: test -s conftest.o
configure:6270: $? = 0
configure:6280: result: yes
configure:6284: checking lualib.h presence
configure:6294: arm-linux-gcc -E  -IC:/devkitGP2X/include/SDL -D_REENTRANT -IC:/devkitGP2X/include -IC:/devkitGP2X/include/SDL -D_REENTRANT -DSDL conftest.c
configure:6300: $? = 0
configure:6320: result: yes
configure:6355: checking for lualib.h
configure:6362: result: yes
configure:6371: checking for lua_open in -llua
configure:6401: arm-linux-gcc -o conftest -g -O2  -IC:/devkitGP2X/include/SDL -D_REENTRANT -IC:/devkitGP2X/include -IC:/devkitGP2X/include/SDL -D_REENTRANT -DSDL  conftest.c -llua   -LC:/devkitGP2X/lib -Wl,-rpath,C:/devkitGP2X/lib -lSDL -lSDL_gfx --start-group -lSDL_ttf -lfreetype -lSDL --end-group -lSDL_image -ljpeg -lpng12 -lz --start-group -lSDL_mixer -lvorbisidec -lmikmod -lSDL --end-group -lgcc -lm -lc -lexpat -lpthread -ldl -lSDL_net >&5
cc1.exe: error: unrecognized command line option "-fstart-group"
cc1.exe: error: unrecognized command line option "-fend-group"
cc1.exe: error: unrecognized command line option "-fstart-group"
cc1.exe: error: unrecognized command line option "-fend-group"
configure:6407: $? = 1
configure: failed program was:
| /* confdefs.h.  */
| 
| #define PACKAGE_NAME "Aleph One/SDL"
| #define PACKAGE_TARNAME "AlephOne"
| #define PACKAGE_VERSION "20051119"
| #define PACKAGE_STRING "Aleph One/SDL 20051119"
| #define PACKAGE_BUGREPORT "http://sourceforge.net/bugs/?group_id=1997"
| #define PACKAGE "AlephOne"
| #define VERSION "20051119"
| #ifdef __cplusplus
| extern "C" void std::exit (int) throw (); using std::exit;
| #endif
| #define STDC_HEADERS 1
| #define HAVE_SYS_TYPES_H 1
| #define HAVE_SYS_STAT_H 1
| #define HAVE_STDLIB_H 1
| #define HAVE_STRING_H 1
| #define HAVE_MEMORY_H 1
| #define HAVE_STRINGS_H 1
| #define HAVE_INTTYPES_H 1
| #define HAVE_STDINT_H 1
| #define HAVE_UNISTD_H 1
| #define HAVE_UNISTD_H 1
| #define HAVE_SNPRINTF 1
| #define HAVE_VSNPRINTF 1
| #define HAVE_SDL_IMAGE_H 1
| #define HAVE_SDL_NET_H 1
| #define HAVE_SDL_NET 1
| #define HAVE_LUA_H 1
| #define HAVE_LUALIB_H 1
| /* end confdefs.h.  */
| 
| /* Override any gcc2 internal prototype to avoid an error.  */
| #ifdef __cplusplus
| extern "C"
| #endif
| /* We use char because int might match the return type of a gcc2
|    builtin and then its argument prototype would still apply.  */
| char lua_open ();
| int
| main ()
| {
| lua_open ();
|   ;
|   return 0;
| }
configure:6433: result: no
configure:6540: checking speex.h usability
configure:6552: arm-linux-gcc -c -g -O2  -IC:/devkitGP2X/include/SDL -D_REENTRANT -IC:/devkitGP2X/include -IC:/devkitGP2X/include/SDL -D_REENTRANT -DSDL conftest.c >&5
conftest.c:66:19: error: speex.h: No such file or directory
configure:6558: $? = 1
configure: failed program was:
| /* confdefs.h.  */
| 
| #define PACKAGE_NAME "Aleph One/SDL"
| #define PACKAGE_TARNAME "AlephOne"
| #define PACKAGE_VERSION "20051119"
| #define PACKAGE_STRING "Aleph One/SDL 20051119"
| #define PACKAGE_BUGREPORT "http://sourceforge.net/bugs/?group_id=1997"
| #define PACKAGE "AlephOne"
| #define VERSION "20051119"
| #ifdef __cplusplus
| extern "C" void std::exit (int) throw (); using std::exit;
| #endif
| #define STDC_HEADERS 1
| #define HAVE_SYS_TYPES_H 1
| #define HAVE_SYS_STAT_H 1
| #define HAVE_STDLIB_H 1
| #define HAVE_STRING_H 1
| #define HAVE_MEMORY_H 1
| #define HAVE_STRINGS_H 1
| #define HAVE_INTTYPES_H 1
| #define HAVE_STDINT_H 1
| #define HAVE_UNISTD_H 1
| #define HAVE_UNISTD_H 1
| #define HAVE_SNPRINTF 1
| #define HAVE_VSNPRINTF 1
| #define HAVE_SDL_IMAGE_H 1
| #define HAVE_SDL_NET_H 1
| #define HAVE_SDL_NET 1
| #define HAVE_LUA_H 1
| #define HAVE_LUALIB_H 1
| /* end confdefs.h.  */
| #include <stdio.h>
| #if HAVE_SYS_TYPES_H
| # include <sys/types.h>
| #endif
| #if HAVE_SYS_STAT_H
| # include <sys/stat.h>
| #endif
| #if STDC_HEADERS
| # include <stdlib.h>
| # include <stddef.h>
| #else
| # if HAVE_STDLIB_H
| #  include <stdlib.h>
| # endif
| #endif
| #if HAVE_STRING_H
| # if !STDC_HEADERS && HAVE_MEMORY_H
| #  include <memory.h>
| # endif
| # include <string.h>
| #endif
| #if HAVE_STRINGS_H
| # include <strings.h>
| #endif
| #if HAVE_INTTYPES_H
| # include <inttypes.h>
| #else
| # if HAVE_STDINT_H
| #  include <stdint.h>
| # endif
| #endif
| #if HAVE_UNISTD_H
| # include <unistd.h>
| #endif
| #include <speex.h>
configure:6581: result: no
configure:6585: checking speex.h presence
configure:6595: arm-linux-gcc -E  -IC:/devkitGP2X/include/SDL -D_REENTRANT -IC:/devkitGP2X/include -IC:/devkitGP2X/include/SDL -D_REENTRANT -DSDL conftest.c
conftest.c:32:19: error: speex.h: No such file or directory
configure:6601: $? = 1
configure: failed program was:
| /* confdefs.h.  */
| 
| #define PACKAGE_NAME "Aleph One/SDL"
| #define PACKAGE_TARNAME "AlephOne"
| #define PACKAGE_VERSION "20051119"
| #define PACKAGE_STRING "Aleph One/SDL 20051119"
| #define PACKAGE_BUGREPORT "http://sourceforge.net/bugs/?group_id=1997"
| #define PACKAGE "AlephOne"
| #define VERSION "20051119"
| #ifdef __cplusplus
| extern "C" void std::exit (int) throw (); using std::exit;
| #endif
| #define STDC_HEADERS 1
| #define HAVE_SYS_TYPES_H 1
| #define HAVE_SYS_STAT_H 1
| #define HAVE_STDLIB_H 1
| #define HAVE_STRING_H 1
| #define HAVE_MEMORY_H 1
| #define HAVE_STRINGS_H 1
| #define HAVE_INTTYPES_H 1
| #define HAVE_STDINT_H 1
| #define HAVE_UNISTD_H 1
| #define HAVE_UNISTD_H 1
| #define HAVE_SNPRINTF 1
| #define HAVE_VSNPRINTF 1
| #define HAVE_SDL_IMAGE_H 1
| #define HAVE_SDL_NET_H 1
| #define HAVE_SDL_NET 1
| #define HAVE_LUA_H 1
| #define HAVE_LUALIB_H 1
| /* end confdefs.h.  */
| #include <speex.h>
configure:6621: result: no
configure:6656: checking for speex.h
configure:6663: result: no
configure:7139: creating ./config.status

## ---------------------- ##
## Running config.status. ##
## ---------------------- ##

This file was extended by Aleph One/SDL config.status 20051119, which was
generated by GNU Autoconf 2.59.  Invocation command line was

  CONFIG_FILES    = 
  CONFIG_HEADERS  = 
  CONFIG_LINKS    = 
  CONFIG_COMMANDS = 
  $ ./config.status 

on Demo_Manager

config.status:740: creating Makefile
config.status:740: creating AlephOne.spec
config.status:740: creating Source_Files/Makefile
config.status:740: creating Source_Files/CSeries/Makefile
config.status:740: creating Source_Files/Expat/Makefile
config.status:740: creating Source_Files/Files/Makefile
config.status:740: creating Source_Files/GameWorld/Makefile
config.status:740: creating Source_Files/Input/Makefile
config.status:740: creating Source_Files/Lua/Makefile
config.status:740: creating Source_Files/Misc/Makefile
config.status:740: creating Source_Files/ModelView/Makefile
config.status:740: creating Source_Files/Network/Makefile
config.status:740: creating Source_Files/Network/Metaserver/Makefile
config.status:740: creating Source_Files/Pfhortran/Makefile
config.status:740: creating Source_Files/RenderMain/Makefile
config.status:740: creating Source_Files/RenderOther/Makefile
config.status:740: creating Source_Files/Sound/Makefile
config.status:740: creating Source_Files/TCPMess/Makefile
config.status:740: creating Source_Files/XML/Makefile
config.status:740: creating tools/Makefile
config.status:740: creating data/Makefile
config.status:740: creating data/default_theme/Makefile
config.status:844: creating config.h
config.status:966: config.h is unchanged
config.status:1146: executing depfiles commands

## ---------------- ##
## Cache variables. ##
## ---------------- ##

ac_cv_build=i686-pc-mingw32
ac_cv_build_alias=i686-pc-mingw32
ac_cv_c_compiler_gnu=yes
ac_cv_cxx_compiler_gnu=yes
ac_cv_env_CC_set=
ac_cv_env_CC_value=
ac_cv_env_CFLAGS_set=
ac_cv_env_CFLAGS_value=
ac_cv_env_CPPFLAGS_set=
ac_cv_env_CPPFLAGS_value=
ac_cv_env_CPP_set=
ac_cv_env_CPP_value=
ac_cv_env_CXXCPP_set=
ac_cv_env_CXXCPP_value=
ac_cv_env_CXXFLAGS_set=
ac_cv_env_CXXFLAGS_value=
ac_cv_env_CXX_set=
ac_cv_env_CXX_value=
ac_cv_env_LDFLAGS_set=
ac_cv_env_LDFLAGS_value=
ac_cv_env_build_alias_set=
ac_cv_env_build_alias_value=
ac_cv_env_host_alias_set=set
ac_cv_env_host_alias_value=arm-linux
ac_cv_env_target_alias_set=
ac_cv_env_target_alias_value=
ac_cv_exeext=
ac_cv_func_snprintf=yes
ac_cv_func_vsnprintf=yes
ac_cv_header_SDL_image_h=yes
ac_cv_header_SDL_net_h=yes
ac_cv_header_SDL_sound_h=no
ac_cv_header_boost_bind_hpp=yes
ac_cv_header_boost_function_hpp=yes
ac_cv_header_inttypes_h=yes
ac_cv_header_lua_h=yes
ac_cv_header_lualib_h=yes
ac_cv_header_memory_h=yes
ac_cv_header_speex_h=no
ac_cv_header_stdc=yes
ac_cv_header_stdint_h=yes
ac_cv_header_stdlib_h=yes
ac_cv_header_string_h=yes
ac_cv_header_strings_h=yes
ac_cv_header_sys_stat_h=yes
ac_cv_header_sys_types_h=yes
ac_cv_header_unistd_h=yes
ac_cv_host=arm-unknown-linux-gnu
ac_cv_host_alias=arm-linux
ac_cv_lib_SDL_image_IMG_Load=no
ac_cv_lib_SDL_net_SDLNet_Init=yes
ac_cv_lib_lua_lua_open=no
ac_cv_objext=o
ac_cv_path_SDL_CONFIG=/c/devkitgp2x/bin/sdl-config
ac_cv_path_install='/usr/bin/install -c'
ac_cv_prog_AWK=gawk
ac_cv_prog_CC=arm-linux-gcc
ac_cv_prog_CPP='arm-linux-gcc -E'
ac_cv_prog_CXX=arm-linux-g++
ac_cv_prog_CXXCPP='arm-linux-g++ -E'
ac_cv_prog_RANLIB=arm-linux-ranlib
ac_cv_prog_STRIP=arm-linux-strip
ac_cv_prog_cc_g=yes
ac_cv_prog_cc_stdc=
ac_cv_prog_cxx_g=yes
ac_cv_prog_egrep='grep -E'
ac_cv_prog_make_make_set=yes
ac_cv_target=arm-unknown-linux-gnu
ac_cv_target_alias=arm-linux
am_cv_CC_dependencies_compiler_type=gcc3
am_cv_CXX_dependencies_compiler_type=gcc3

## ----------------- ##
## Output variables. ##
## ----------------- ##

ac_ct_CC=''
ac_ct_CXX=''
ac_ct_RANLIB=''
ac_ct_STRIP=''
ac_ct_WINDRES=''
ACLOCAL='${SHELL} /d/DOWNLO~1/GP2X/ALEPHO~1/ALEPHO~1/missing --run aclocal-1.9'
am__fastdepCC_FALSE='#'
am__fastdepCC_TRUE=''
am__fastdepCXX_FALSE='#'
am__fastdepCXX_TRUE=''
am__include='include'
am__leading_dot='.'
am__quote=''
am__tar='${AMTAR} chof - "$$tardir"'
am__untar='${AMTAR} xf -'
AMDEP_FALSE='#'
AMDEP_TRUE=''
AMDEPBACKSLASH='\'
AMTAR='${SHELL} /d/DOWNLO~1/GP2X/ALEPHO~1/ALEPHO~1/missing --run tar'
AUTOCONF='${SHELL} /d/DOWNLO~1/GP2X/ALEPHO~1/ALEPHO~1/missing --run autoconf'
AUTOHEADER='${SHELL} /d/DOWNLO~1/GP2X/ALEPHO~1/ALEPHO~1/missing --run autoheader'
AUTOMAKE='${SHELL} /d/DOWNLO~1/GP2X/ALEPHO~1/ALEPHO~1/missing --run automake-1.9'
AWK='gawk'
bindir='${exec_prefix}/bin'
build_alias=''
build_cpu='i686'
build_os='mingw32'
build_vendor='pc'
build='i686-pc-mingw32'
CC='arm-linux-gcc'
CCDEPMODE='depmode=gcc3'
CFLAGS='-g -O2'
CPP='arm-linux-gcc -E'
CPPFLAGS=' -IC:/devkitGP2X/include/SDL -D_REENTRANT -IC:/devkitGP2X/include -IC:/devkitGP2X/include/SDL -D_REENTRANT -DSDL -I/usr/X11R6/include -L/usr/X11R6/lib'
CXX='arm-linux-g++'
CXXCPP='arm-linux-g++ -E'
CXXDEPMODE='depmode=gcc3'
CXXFLAGS='-g -O2'
CYGPATH_W='echo'
datadir='${prefix}/share'
DEFS='-DHAVE_CONFIG_H'
DEPDIR='.deps'
ECHO_C=''
ECHO_N='-n'
ECHO_T=''
EGREP='grep -E'
exec_prefix='${prefix}'
EXEEXT=''
HAVE_SDL_NET_FALSE='#'
HAVE_SDL_NET_TRUE=''
host_alias='arm-linux'
host_cpu='arm'
host_os='linux-gnu'
host_vendor='unknown'
host='arm-unknown-linux-gnu'
includedir='${prefix}/include'
infodir='${prefix}/info'
INSTALL_DATA='${INSTALL} -m 644'
INSTALL_PROGRAM='${INSTALL}'
INSTALL_SCRIPT='${INSTALL}'
install_sh='/d/DOWNLO~1/GP2X/ALEPHO~1/ALEPHO~1/install-sh'
INSTALL_STRIP_PROGRAM='${SHELL} $(install_sh) -c -s'
LDFLAGS=''
libdir='${exec_prefix}/lib'
libexecdir='${exec_prefix}/libexec'
LIBOBJS=''
LIBS=' -LC:/devkitGP2X/lib -Wl,-rpath,C:/devkitGP2X/lib -lSDL -lSDL_gfx --start-group -lSDL_ttf -lfreetype -lSDL --end-group -lSDL_image -ljpeg -lpng12 -lz --start-group -lSDL_mixer -lvorbisidec -lmikmod -lSDL --end-group -lgcc -lm -lc -lexpat -lpthread -ldl -lSDL_net'
localstatedir='${prefix}/var'
LTLIBOBJS=''
MAKE_WINDOWS_FALSE=''
MAKE_WINDOWS_TRUE='#'
MAKEINFO='${SHELL} /d/DOWNLO~1/GP2X/ALEPHO~1/ALEPHO~1/missing --run makeinfo'
mandir='${prefix}/man'
mkdir_p='mkdir -p --'
OBJEXT='o'
oldincludedir='/usr/include'
PACKAGE_BUGREPORT='http://sourceforge.net/bugs/?group_id=1997'
PACKAGE_NAME='Aleph One/SDL'
PACKAGE_STRING='Aleph One/SDL 20051119'
PACKAGE_TARNAME='AlephOne'
PACKAGE_VERSION='20051119'
PACKAGE='AlephOne'
PATH_SEPARATOR=':'
prefix='/usr/local'
program_transform_name='s,x,x,'
RANLIB='arm-linux-ranlib'
sbindir='${exec_prefix}/sbin'
SDL_CFLAGS='-IC:/devkitGP2X/include/SDL -D_REENTRANT -IC:/devkitGP2X/include -IC:/devkitGP2X/include/SDL -D_REENTRANT'
SDL_CONFIG='/c/devkitgp2x/bin/sdl-config'
SDL_LIBS='-LC:/devkitGP2X/lib -Wl,-rpath,C:/devkitGP2X/lib -lSDL -lSDL_gfx --start-group -lSDL_ttf -lfreetype -lSDL --end-group -lSDL_image -ljpeg -lpng12 -lz --start-group -lSDL_mixer -lvorbisidec -lmikmod -lSDL --end-group -lgcc -lm -lc -lexpat -lpthread -ldl'
SET_MAKE=''
sharedstatedir='${prefix}/com'
SHELL='/bin/sh'
STRIP='arm-linux-strip'
sysconfdir='${prefix}/etc'
target_alias=''
target_cpu='arm'
target_os='linux-gnu'
target_vendor='unknown'
target='arm-unknown-linux-gnu'
VERSION='20051119'
WINDRES=''

## ----------- ##
## confdefs.h. ##
## ----------- ##

#define HAVE_INTTYPES_H 1
#define HAVE_LUA_H 1
#define HAVE_LUALIB_H 1
#define HAVE_MEMORY_H 1
#define HAVE_SDL_IMAGE_H 1
#define HAVE_SDL_NET 1
#define HAVE_SDL_NET_H 1
#define HAVE_SNPRINTF 1
#define HAVE_STDINT_H 1
#define HAVE_STDLIB_H 1
#define HAVE_STRING_H 1
#define HAVE_STRINGS_H 1
#define HAVE_SYS_STAT_H 1
#define HAVE_SYS_TYPES_H 1
#define HAVE_UNISTD_H 1
#define HAVE_UNISTD_H 1
#define HAVE_VSNPRINTF 1
#define PACKAGE "AlephOne"
#define PACKAGE_BUGREPORT "http://sourceforge.net/bugs/?group_id=1997"
#define PACKAGE_NAME "Aleph One/SDL"
#define PACKAGE_STRING "Aleph One/SDL 20051119"
#define PACKAGE_TARNAME "AlephOne"
#define PACKAGE_VERSION "20051119"
#define STDC_HEADERS 1
#define TARGET_PLATFORM "linux-gnu arm"
#define VERSION "20051119"
#endif
#ifdef __cplusplus
extern "C" void std::exit (int) throw (); using std::exit;

configure: exit 0
